# JRE version: Java(TM) SE Runtime Environment (8.0_211-b12) (build 1.8.0_211-b12)
# Java VM: Java HotSpot(TM) 64-Bit Server VM (25.211-b12 mixed mode windows-amd64 compressed oops)
Heap:
 garbage-first heap   total 172032K, used 140769K [0x00000000c0000000, 0x00000000c0100540, 0x0000000100000000)
  region size 1024K, 38 young (38912K), 2 survivors (2048K)
 Metaspace       used 61297K, capacity 64516K, committed 65104K, reserved 1107968K
  class space    used 5865K, capacity 6909K, committed 6992K, reserved 1048576K
GC Heap History (10 events):
Event: 1020.213 GC heap before
{Heap before GC invocations=573 (full 0):
 garbage-first heap   total 172032K, used 149107K [0x00000000c0000000, 0x00000000c0100540, 0x0000000100000000)
  region size 1024K, 46 young (47104K), 3 survivors (3072K)
 Metaspace       used 61289K, capacity 64516K, committed 65104K, reserved 1107968K
  class space    used 5865K, capacity 6909K, committed 6992K, reserved 1048576K
Event: 1020.221 GC heap after
Heap after GC invocations=574 (full 0):
 garbage-first heap   total 172032K, used 104905K [0x00000000c0000000, 0x00000000c0100540, 0x0000000100000000)
  region size 1024K, 3 young (3072K), 3 survivors (3072K)
 Metaspace       used 61289K, capacity 64516K, committed 65104K, reserved 1107968K
  class space    used 5865K, capacity 6909K, committed 6992K, reserved 1048576K
}
Event: 1023.661 GC heap before
{Heap before GC invocations=575 (full 0):
 garbage-first heap   total 172032K, used 148937K [0x00000000c0000000, 0x00000000c0100540, 0x0000000100000000)
  region size 1024K, 46 young (47104K), 3 survivors (3072K)
 Metaspace       used 61293K, capacity 64516K, committed 65104K, reserved 1107968K
  class space    used 5865K, capacity 6909K, committed 6992K, reserved 1048576K
Event: 1023.670 GC heap after
Heap after GC invocations=576 (full 0):
 garbage-first heap   total 172032K, used 104085K [0x00000000c0000000, 0x00000000c0100540, 0x0000000100000000)
  region size 1024K, 2 young (2048K), 2 survivors (2048K)
 Metaspace       used 61293K, capacity 64516K, committed 65104K, reserved 1107968K
  class space    used 5865K, capacity 6909K, committed 6992K, reserved 1048576K
}
Event: 1023.725 GC heap before
{Heap before GC invocations=576 (full 0):
 garbage-first heap   total 172032K, used 110229K [0x00000000c0000000, 0x00000000c0100540, 0x0000000100000000)
  region size 1024K, 8 young (8192K), 2 survivors (2048K)
 Metaspace       used 61293K, capacity 64516K, committed 65104K, reserved 1107968K
  class space    used 5865K, capacity 6909K, committed 6992K, reserved 1048576K
Event: 1023.735 GC heap after
Heap after GC invocations=577 (full 0):
 garbage-first heap   total 172032K, used 104475K [0x00000000c0000000, 0x00000000c0100540, 0x0000000100000000)
  region size 1024K, 1 young (1024K), 1 survivors (1024K)
 Metaspace       used 61293K, capacity 64516K, committed 65104K, reserved 1107968K
  class space    used 5865K, capacity 6909K, committed 6992K, reserved 1048576K
}
Event: 1026.726 GC heap before
{Heap before GC invocations=577 (full 0):
 garbage-first heap   total 172032K, used 150555K [0x00000000c0000000, 0x00000000c0100540, 0x0000000100000000)
  region size 1024K, 46 young (47104K), 1 survivors (1024K)
 Metaspace       used 61296K, capacity 64516K, committed 65104K, reserved 1107968K
  class space    used 5865K, capacity 6909K, committed 6992K, reserved 1048576K
Event: 1026.741 GC heap after
Heap after GC invocations=578 (full 0):
 garbage-first heap   total 172032K, used 105294K [0x00000000c0000000, 0x00000000c0100540, 0x0000000100000000)
  region size 1024K, 2 young (2048K), 2 survivors (2048K)
 Metaspace       used 61296K, capacity 64516K, committed 65104K, reserved 1107968K
  class space    used 5865K, capacity 6909K, committed 6992K, reserved 1048576K
}
Event: 1030.664 GC heap before
{Heap before GC invocations=578 (full 0):
 garbage-first heap   total 172032K, used 150350K [0x00000000c0000000, 0x00000000c0100540, 0x0000000100000000)
  region size 1024K, 46 young (47104K), 2 survivors (2048K)
 Metaspace       used 61297K, capacity 64516K, committed 65104K, reserved 1107968K
  class space    used 5865K, capacity 6909K, committed 6992K, reserved 1048576K
Event: 1030.675 GC heap after
Heap after GC invocations=579 (full 0):
 garbage-first heap   total 172032K, used 104929K [0x00000000c0000000, 0x00000000c0100540, 0x0000000100000000)
  region size 1024K, 2 young (2048K), 2 survivors (2048K)
 Metaspace       used 61297K, capacity 64516K, committed 65104K, reserved 1107968K
  class space    used 5865K, capacity 6909K, committed 6992K, reserved 1048576K
}

